/Users/hlynurhalldorsson/Library/Python/3.9/lib/python/site-packages/urllib3/__init__.py:35: NotOpenSSLWarning: urllib3 v2 only supports OpenSSL 1.1.1+, currently the 'ssl' module is compiled with 'LibreSSL 2.8.3'. See: https://github.com/urllib3/urllib3/issues/3020
  warnings.warn(
2026-01-24 23:34:07,018 - INFO - Starting inventory check...
2026-01-24 23:34:07,895 - INFO - Fetched page successfully (281406 bytes)
2026-01-24 23:34:07,915 - INFO - Successfully extracted __INITIAL_STATE__ (150572 chars)
2026-01-24 23:34:07,916 - INFO - Extracted 66 products total
2026-01-24 23:34:07,922 - INFO - Saved current inventory to inventory_data/current_inventory.json
2026-01-24 23:34:07,923 - INFO - Saved history snapshot to inventory_data/inventory_history.json
2026-01-24 23:34:07,924 - INFO - Saved CSV snapshot to inventory_data/inventory_2026-01-24_2334.csv
2026-01-24 23:34:07,924 - INFO - Appended to master CSV: inventory_data/inventory_all.csv
2026-01-24 23:34:07,924 - INFO - Inventory check completed successfully

============================================================
HEIMKAUP INVENTORY SUMMARY - 2026-01-24 23:34:07
============================================================

Total Products: 66
Total Stock Units: 460
Out of Stock: 0
Low Stock (<=5): 32

Categories (9):
  - Boxed Wines: 15 products, 107 units
  - Breezer: 4 products, 20 units
  - Bundles: 3 products, 18 units
  - Faustino: 5 products, 29 units
  - Great Deals: 8 products, 41 units
  - Gull: 6 products, 57 units
  - New Location: 12 products, 105 units
  - Popular: 11 products, 68 units
  - Thule: 2 products, 15 units

--- LOW STOCK ALERT ---
  - Einstök Arctic Pale Ale 12x330ml: 1 left
  - Ölvisholt Classic 10x330ml: 1 left
  - Ölvisholt Lite 10x330ml: 1 left
  - RVK Popp Corn Lager 6x330ml: 1 left
  - Piccanti Rosso Toscana 3L: 1 left
  - Boli 12x500ml: 2 left
  - Kristall Mexican Lime 12x330ml: 2 left
  - Boli 12x500ml: 2 left
  - Gull Lite Premium 12x500ml: 2 left
  - Casillero Del Diablo Cabernet Sauvignon 3L: 2 left

============================================================
/Users/hlynurhalldorsson/Library/Python/3.9/lib/python/site-packages/urllib3/__init__.py:35: NotOpenSSLWarning: urllib3 v2 only supports OpenSSL 1.1.1+, currently the 'ssl' module is compiled with 'LibreSSL 2.8.3'. See: https://github.com/urllib3/urllib3/issues/3020
  warnings.warn(
2026-01-25 08:06:10,985 - INFO - Starting inventory check...
2026-01-25 08:06:11,832 - INFO - Fetched page successfully (281406 bytes)
2026-01-25 08:06:11,859 - INFO - Successfully extracted __INITIAL_STATE__ (150572 chars)
2026-01-25 08:06:11,859 - INFO - Extracted 66 products total
2026-01-25 08:06:11,876 - INFO - Saved current inventory to inventory_data/current_inventory.json
2026-01-25 08:06:11,885 - INFO - Saved history snapshot to inventory_data/inventory_history.json
2026-01-25 08:06:11,887 - INFO - Saved CSV snapshot to inventory_data/inventory_2026-01-25_0806.csv
2026-01-25 08:06:11,888 - INFO - Appended to master CSV: inventory_data/inventory_all.csv
2026-01-25 08:06:11,888 - INFO - Inventory check completed successfully

============================================================
HEIMKAUP INVENTORY SUMMARY - 2026-01-25 08:06:11
============================================================

Total Products: 66
Total Stock Units: 460
Out of Stock: 0
Low Stock (<=5): 32

Categories (9):
  - Boxed Wines: 15 products, 107 units
  - Breezer: 4 products, 20 units
  - Bundles: 3 products, 18 units
  - Faustino: 5 products, 29 units
  - Great Deals: 8 products, 41 units
  - Gull: 6 products, 57 units
  - New Location: 12 products, 105 units
  - Popular: 11 products, 68 units
  - Thule: 2 products, 15 units

--- LOW STOCK ALERT ---
  - Einstök Arctic Pale Ale 12x330ml: 1 left
  - Ölvisholt Classic 10x330ml: 1 left
  - Ölvisholt Lite 10x330ml: 1 left
  - RVK Popp Corn Lager 6x330ml: 1 left
  - Piccanti Rosso Toscana 3L: 1 left
  - Boli 12x500ml: 2 left
  - Kristall Mexican Lime 12x330ml: 2 left
  - Boli 12x500ml: 2 left
  - Gull Lite Premium 12x500ml: 2 left
  - Casillero Del Diablo Cabernet Sauvignon 3L: 2 left

============================================================
/Users/hlynurhalldorsson/Library/Python/3.9/lib/python/site-packages/urllib3/__init__.py:35: NotOpenSSLWarning: urllib3 v2 only supports OpenSSL 1.1.1+, currently the 'ssl' module is compiled with 'LibreSSL 2.8.3'. See: https://github.com/urllib3/urllib3/issues/3020
  warnings.warn(
2026-01-25 22:36:28,111 - INFO - Starting inventory check...
2026-01-25 22:36:28,716 - INFO - Fetched page successfully (293652 bytes)
2026-01-25 22:36:28,745 - INFO - Successfully extracted __INITIAL_STATE__ (153511 chars)
2026-01-25 22:36:28,745 - INFO - Extracted 68 products total
2026-01-25 22:36:28,754 - INFO - Saved current inventory to inventory_data/current_inventory.json
2026-01-25 22:36:28,754 - INFO - Saved 32 changes to inventory_data/inventory_changes.json
2026-01-25 22:36:28,756 - INFO - Saved history snapshot to inventory_data/inventory_history.json
2026-01-25 22:36:28,757 - INFO - Saved CSV snapshot to inventory_data/inventory_2026-01-25_2236.csv
2026-01-25 22:36:28,758 - INFO - Appended to master CSV: inventory_data/inventory_all.csv
2026-01-25 22:36:28,758 - INFO - Inventory check completed successfully

============================================================
HEIMKAUP INVENTORY SUMMARY - 2026-01-25 22:36:28
============================================================

Total Products: 68
Total Stock Units: 465
Out of Stock: 0
Low Stock (<=5): 35

Categories (9):
  - Boxed Wines: 15 products, 104 units
  - Breezer: 4 products, 20 units
  - Bundles: 4 products, 25 units
  - Faustino: 5 products, 29 units
  - Great Deals: 9 products, 29 units
  - Gull: 6 products, 57 units
  - New Location: 11 products, 108 units
  - Popular: 12 products, 86 units
  - Thule: 2 products, 7 units

--- CHANGES DETECTED (32) ---
  [stock_change] Gull Lite 12x500ml: 20 -> 26 (+6)
  [stock_change] Boli 12x500ml: 2 -> 3 (+1)
  [stock_change] Víking Gylltur 12x500ml: 11 -> 9 (-2)
  [stock_change] Víking Sterkr 6x500ml: 7 -> 3 (-4)
  [stock_change] Pepsi Max 12x330ml: 5 -> 16 (+11)
  [stock_change] Boli X 12x330ml: 3 -> 4 (+1)
  [stock_change] Koskenkorva Vodka 500ml: 25 -> 18 (-7)
  [stock_change] Gull Lite 12x500ml: 20 -> 26 (+6)
  [stock_change] Gull 12x500ml: 4 -> 1 (-3)
  [stock_change] Pepsi Max 12x330ml: 5 -> 16 (+11)
  [new_product] BARA Hindber & Sítróna 6x330ml (stock: 5)
  [stock_change] Boli 12x500ml: 2 -> 3 (+1)
  [stock_change] Boli X 12x330ml: 3 -> 4 (+1)
  [stock_change] Gato Negro Cabernet Sauvignon 750ml: 3 -> 2 (-1)
  [stock_change] Gull 12x330ml: 4 -> 2 (-2)
  [stock_change] Thule 12x330ml: 8 -> 6 (-2)
  [stock_change] Heineken 6x330ml: 14 -> 5 (-9)
  [stock_change] Heineken 6x330ml (Gler): 6 -> 4 (-2)
  [stock_change] Ölvisholt Classic 10x330ml: 1 -> 2 (+1)
  [stock_change] Ölvisholt Birta 6x330ml: 4 -> 3 (-1)
  ... and 12 more changes

--- LOW STOCK ALERT ---
  - Einstök Arctic Pale Ale 12x330ml: 1 left
  - Gull 12x500ml: 1 left
  - Ölvisholt Lite 10x330ml: 1 left
  - Ölvisholt Lager 10x330ml: 1 left
  - RVK Popp Corn Lager 6x330ml: 1 left
  - Gull 12x500ml: 1 left
  - Thule 12x500ml: 1 left
  - Piccanti Rosso Toscana 3L: 1 left
  - Kristall Mexican Lime 12x330ml: 2 left
  - Gato Negro Cabernet Sauvignon 750ml: 2 left

============================================================
/Users/hlynurhalldorsson/Library/Python/3.9/lib/python/site-packages/urllib3/__init__.py:35: NotOpenSSLWarning: urllib3 v2 only supports OpenSSL 1.1.1+, currently the 'ssl' module is compiled with 'LibreSSL 2.8.3'. See: https://github.com/urllib3/urllib3/issues/3020
  warnings.warn(
2026-01-26 08:06:04,155 - INFO - Starting inventory check...
2026-01-26 08:06:04,744 - INFO - Fetched page successfully (286422 bytes)
2026-01-26 08:06:04,765 - INFO - Successfully extracted __INITIAL_STATE__ (149127 chars)
2026-01-26 08:06:04,765 - INFO - Extracted 66 products total
2026-01-26 08:06:04,778 - INFO - Saved current inventory to inventory_data/current_inventory.json
2026-01-26 08:06:04,780 - INFO - Saved 6 changes to inventory_data/inventory_changes.json
2026-01-26 08:06:04,783 - INFO - Saved history snapshot to inventory_data/inventory_history.json
2026-01-26 08:06:04,784 - INFO - Saved CSV snapshot to inventory_data/inventory_2026-01-26_0806.csv
2026-01-26 08:06:04,785 - INFO - Appended to master CSV: inventory_data/inventory_all.csv
2026-01-26 08:06:04,785 - INFO - Inventory check completed successfully

============================================================
HEIMKAUP INVENTORY SUMMARY - 2026-01-26 08:06:04
============================================================

Total Products: 66
Total Stock Units: 458
Out of Stock: 0
Low Stock (<=5): 33

Categories (9):
  - Boxed Wines: 15 products, 103 units
  - Breezer: 4 products, 20 units
  - Bundles: 4 products, 25 units
  - Faustino: 5 products, 29 units
  - Great Deals: 9 products, 29 units
  - Gull: 5 products, 56 units
  - New Location: 11 products, 105 units
  - Popular: 11 products, 84 units
  - Thule: 2 products, 7 units

--- CHANGES DETECTED (6) ---
  [stock_change] Víking Gylltur 12x500ml: 9 -> 8 (-1)
  [stock_change] Frontera Chardonnay 3L: 8 -> 7 (-1)
  [stock_change] Koskenkorva Vodka 500ml: 18 -> 17 (-1)
  [stock_change] Finca Las Moras Malbec 750ml: 11 -> 10 (-1)
  [stock_change] Frontera Chardonnay 3L: 8 -> 7 (-1)
  [product_removed] Gull 12x500ml

--- LOW STOCK ALERT ---
  - Einstök Arctic Pale Ale 12x330ml: 1 left
  - Ölvisholt Lite 10x330ml: 1 left
  - Ölvisholt Lager 10x330ml: 1 left
  - RVK Popp Corn Lager 6x330ml: 1 left
  - Thule 12x500ml: 1 left
  - Piccanti Rosso Toscana 3L: 1 left
  - Kristall Mexican Lime 12x330ml: 2 left
  - Gato Negro Cabernet Sauvignon 750ml: 2 left
  - Gull 12x330ml: 2 left
  - Ölvisholt Classic 10x330ml: 2 left

============================================================
/Users/hlynurhalldorsson/Library/Python/3.9/lib/python/site-packages/urllib3/__init__.py:35: NotOpenSSLWarning: urllib3 v2 only supports OpenSSL 1.1.1+, currently the 'ssl' module is compiled with 'LibreSSL 2.8.3'. See: https://github.com/urllib3/urllib3/issues/3020
  warnings.warn(
2026-01-26 18:29:08,901 - INFO - Starting inventory check...
2026-01-26 18:29:10,203 - INFO - Fetched page successfully (286422 bytes)
2026-01-26 18:29:10,227 - INFO - Successfully extracted __INITIAL_STATE__ (149127 chars)
2026-01-26 18:29:10,228 - INFO - Extracted 66 products total
2026-01-26 18:29:10,305 - INFO - Saved current inventory to inventory_data/current_inventory.json
2026-01-26 18:29:10,308 - INFO - Saved 8 changes to inventory_data/inventory_changes.json
2026-01-26 18:29:10,314 - INFO - Saved history snapshot to inventory_data/inventory_history.json
2026-01-26 18:29:10,315 - INFO - Saved CSV snapshot to inventory_data/inventory_2026-01-26_1829.csv
2026-01-26 18:29:10,316 - INFO - Appended to master CSV: inventory_data/inventory_all.csv
2026-01-26 18:29:10,316 - INFO - Inventory check completed successfully

============================================================
HEIMKAUP INVENTORY SUMMARY - 2026-01-26 18:29:10
============================================================

Total Products: 66
Total Stock Units: 432
Out of Stock: 0
Low Stock (<=5): 33

Categories (9):
  - Boxed Wines: 15 products, 103 units
  - Breezer: 4 products, 20 units
  - Bundles: 4 products, 24 units
  - Faustino: 5 products, 29 units
  - Great Deals: 9 products, 26 units
  - Gull: 5 products, 48 units
  - New Location: 11 products, 97 units
  - Popular: 11 products, 78 units
  - Thule: 2 products, 7 units

--- CHANGES DETECTED (8) ---
  [stock_change] Gull Lite 12x500ml: 26 -> 20 (-6)
  [stock_change] Víking Gylltur 12x500ml: 8 -> 7 (-1)
  [stock_change] Absolut Vodka 1L: 8 -> 7 (-1)
  [stock_change] Gull Lite 12x500ml: 26 -> 20 (-6)
  [stock_change] Heineken 6x330ml (Gler): 4 -> 1 (-3)
  [stock_change] Gull Lite 12x500ml: 26 -> 20 (-6)
  [stock_change] Gull Lite 12x330ml: 20 -> 18 (-2)
  [stock_change] Gin & Tonic: 9 -> 8 (-1)

--- LOW STOCK ALERT ---
  - Einstök Arctic Pale Ale 12x330ml: 1 left
  - Heineken 6x330ml (Gler): 1 left
  - Ölvisholt Lite 10x330ml: 1 left
  - Ölvisholt Lager 10x330ml: 1 left
  - RVK Popp Corn Lager 6x330ml: 1 left
  - Thule 12x500ml: 1 left
  - Piccanti Rosso Toscana 3L: 1 left
  - Kristall Mexican Lime 12x330ml: 2 left
  - Gato Negro Cabernet Sauvignon 750ml: 2 left
  - Gull 12x330ml: 2 left

============================================================
/Users/hlynurhalldorsson/Library/Python/3.9/lib/python/site-packages/urllib3/__init__.py:35: NotOpenSSLWarning: urllib3 v2 only supports OpenSSL 1.1.1+, currently the 'ssl' module is compiled with 'LibreSSL 2.8.3'. See: https://github.com/urllib3/urllib3/issues/3020
  warnings.warn(
2026-01-26 22:22:57,488 - INFO - Starting inventory check...
2026-01-26 22:22:58,082 - INFO - Fetched page successfully (286424 bytes)
2026-01-26 22:22:58,109 - INFO - Successfully extracted __INITIAL_STATE__ (149129 chars)
2026-01-26 22:22:58,110 - INFO - Extracted 66 products total
2026-01-26 22:22:58,120 - INFO - Saved current inventory to inventory_data/current_inventory.json
2026-01-26 22:22:58,122 - INFO - Saved 11 changes to inventory_data/inventory_changes.json
2026-01-26 22:22:58,125 - INFO - Saved history snapshot to inventory_data/inventory_history.json
2026-01-26 22:22:58,126 - INFO - Saved CSV snapshot to inventory_data/inventory_2026-01-26_2222.csv
2026-01-26 22:22:58,127 - INFO - Appended to master CSV: inventory_data/inventory_all.csv
2026-01-26 22:22:58,127 - INFO - Inventory check completed successfully

============================================================
HEIMKAUP INVENTORY SUMMARY - 2026-01-26 22:22:58
============================================================

Total Products: 66
Total Stock Units: 439
Out of Stock: 0
Low Stock (<=5): 29

Categories (9):
  - Boxed Wines: 15 products, 100 units
  - Breezer: 4 products, 20 units
  - Bundles: 4 products, 24 units
  - Faustino: 5 products, 29 units
  - Great Deals: 9 products, 25 units
  - Gull: 5 products, 52 units
  - New Location: 11 products, 96 units
  - Popular: 11 products, 86 units
  - Thule: 2 products, 7 units

--- CHANGES DETECTED (11) ---
  [stock_change] Gull Lite 12x500ml: 20 -> 15 (-5)
  [stock_change] Boli 12x500ml: 3 -> 8 (+5)
  [stock_change] Pepsi Max 12x330ml: 16 -> 15 (-1)
  [stock_change] Gull Lite 12x500ml: 20 -> 15 (-5)
  [stock_change] Pepsi Max 12x330ml: 16 -> 15 (-1)
  [stock_change] Boli 12x500ml: 3 -> 8 (+5)
  [stock_change] Gull 12x330ml: 2 -> 11 (+9)
  [stock_change] Heineken 6x330ml: 5 -> 4 (-1)
  [stock_change] Gull Lite 12x500ml: 20 -> 15 (-5)
  [stock_change] Gull 12x330ml: 2 -> 11 (+9)
  [stock_change] Two Oceans Fresh & Fruity 3L: 11 -> 8 (-3)

--- LOW STOCK ALERT ---
  - Einstök Arctic Pale Ale 12x330ml: 1 left
  - Heineken 6x330ml (Gler): 1 left
  - Ölvisholt Lite 10x330ml: 1 left
  - Ölvisholt Lager 10x330ml: 1 left
  - RVK Popp Corn Lager 6x330ml: 1 left
  - Thule 12x500ml: 1 left
  - Piccanti Rosso Toscana 3L: 1 left
  - Kristall Mexican Lime 12x330ml: 2 left
  - Gato Negro Cabernet Sauvignon 750ml: 2 left
  - Ölvisholt Classic 10x330ml: 2 left

============================================================
